<?xml version="1.0" encoding="UTF-8"?>
<testsuite xmlns:xsi="http://www.w3.org/2001/XMLSchema-instance" xsi:noNamespaceSchemaLocation="https://maven.apache.org/surefire/maven-surefire-plugin/xsd/surefire-test-report.xsd" name="at.campus02.bsd.CalculatorTest" time="0.085" tests="12" errors="0" skipped="0" failures="0">
  <properties>
    <property name="java.specification.version" value="17"/>
    <property name="sun.cpu.isalist" value="amd64"/>
    <property name="sun.jnu.encoding" value="Cp1252"/>
    <property name="java.class.path" value="D:\Campus 02\Semester 2\Konfigurationsmanagement\Übung\Übung 2\bsd21_grafoner_lukas\target\test-classes;D:\Campus 02\Semester 2\Konfigurationsmanagement\Übung\Übung 2\bsd21_grafoner_lukas\target\classes;C:\Users\Lukas Grafoner\.m2\repository\org\junit\jupiter\junit-jupiter-api\5.8.2\junit-jupiter-api-5.8.2.jar;C:\Users\Lukas Grafoner\.m2\repository\org\opentest4j\opentest4j\1.2.0\opentest4j-1.2.0.jar;C:\Users\Lukas Grafoner\.m2\repository\org\junit\platform\junit-platform-commons\1.8.2\junit-platform-commons-1.8.2.jar;C:\Users\Lukas Grafoner\.m2\repository\org\apiguardian\apiguardian-api\1.1.2\apiguardian-api-1.1.2.jar;C:\Users\Lukas Grafoner\.m2\repository\org\junit\jupiter\junit-jupiter-engine\5.8.2\junit-jupiter-engine-5.8.2.jar;C:\Users\Lukas Grafoner\.m2\repository\org\junit\platform\junit-platform-engine\1.8.2\junit-platform-engine-1.8.2.jar;C:\Users\Lukas Grafoner\.m2\repository\org\junit\jupiter\junit-jupiter-params\5.8.2\junit-jupiter-params-5.8.2.jar;"/>
    <property name="java.vm.vendor" value="Oracle Corporation"/>
    <property name="sun.arch.data.model" value="64"/>
    <property name="user.variant" value=""/>
    <property name="java.vendor.url" value="https://java.oracle.com/"/>
    <property name="user.timezone" value="Europe/Vienna"/>
    <property name="os.name" value="Windows 10"/>
    <property name="java.vm.specification.version" value="17"/>
    <property name="sun.java.launcher" value="SUN_STANDARD"/>
    <property name="user.country" value="AT"/>
    <property name="sun.boot.library.path" value="C:\Program Files\Java\jdk-17.0.2\bin"/>
    <property name="sun.java.command" value="C:\Users\LUKASG~1\AppData\Local\Temp\surefire1718958672381562459\surefirebooter12323619926401427714.jar C:\Users\Lukas Grafoner\AppData\Local\Temp\surefire1718958672381562459 2022-05-08T17-28-29_234-jvmRun1 surefire16492544085577030362tmp surefire_03083045071243115592tmp"/>
    <property name="jdk.debug" value="release"/>
    <property name="surefire.test.class.path" value="D:\Campus 02\Semester 2\Konfigurationsmanagement\Übung\Übung 2\bsd21_grafoner_lukas\target\test-classes;D:\Campus 02\Semester 2\Konfigurationsmanagement\Übung\Übung 2\bsd21_grafoner_lukas\target\classes;C:\Users\Lukas Grafoner\.m2\repository\org\junit\jupiter\junit-jupiter-api\5.8.2\junit-jupiter-api-5.8.2.jar;C:\Users\Lukas Grafoner\.m2\repository\org\opentest4j\opentest4j\1.2.0\opentest4j-1.2.0.jar;C:\Users\Lukas Grafoner\.m2\repository\org\junit\platform\junit-platform-commons\1.8.2\junit-platform-commons-1.8.2.jar;C:\Users\Lukas Grafoner\.m2\repository\org\apiguardian\apiguardian-api\1.1.2\apiguardian-api-1.1.2.jar;C:\Users\Lukas Grafoner\.m2\repository\org\junit\jupiter\junit-jupiter-engine\5.8.2\junit-jupiter-engine-5.8.2.jar;C:\Users\Lukas Grafoner\.m2\repository\org\junit\platform\junit-platform-engine\1.8.2\junit-platform-engine-1.8.2.jar;C:\Users\Lukas Grafoner\.m2\repository\org\junit\jupiter\junit-jupiter-params\5.8.2\junit-jupiter-params-5.8.2.jar;"/>
    <property name="sun.cpu.endian" value="little"/>
    <property name="user.home" value="C:\Users\Lukas Grafoner"/>
    <property name="user.language" value="de"/>
    <property name="java.specification.vendor" value="Oracle Corporation"/>
    <property name="java.version.date" value="2022-01-18"/>
    <property name="java.home" value="C:\Program Files\Java\jdk-17.0.2"/>
    <property name="file.separator" value="\"/>
    <property name="basedir" value="D:\Campus 02\Semester 2\Konfigurationsmanagement\Übung\Übung 2\bsd21_grafoner_lukas"/>
    <property name="java.vm.compressedOopsMode" value="Zero based"/>
    <property name="line.separator" value="&#10;"/>
    <property name="java.vm.specification.vendor" value="Oracle Corporation"/>
    <property name="java.specification.name" value="Java Platform API Specification"/>
    <property name="surefire.real.class.path" value="C:\Users\LUKASG~1\AppData\Local\Temp\surefire1718958672381562459\surefirebooter12323619926401427714.jar"/>
    <property name="user.script" value=""/>
    <property name="sun.management.compiler" value="HotSpot 64-Bit Tiered Compilers"/>
    <property name="java.runtime.version" value="17.0.2+8-LTS-86"/>
    <property name="user.name" value="Lukas Grafoner"/>
    <property name="path.separator" value=";"/>
    <property name="os.version" value="10.0"/>
    <property name="java.runtime.name" value="Java(TM) SE Runtime Environment"/>
    <property name="file.encoding" value="Cp1252"/>
    <property name="java.vm.name" value="Java HotSpot(TM) 64-Bit Server VM"/>
    <property name="localRepository" value="C:\Users\Lukas Grafoner\.m2\repository"/>
    <property name="java.vendor.url.bug" value="https://bugreport.java.com/bugreport/"/>
    <property name="java.io.tmpdir" value="C:\Users\LUKASG~1\AppData\Local\Temp\"/>
    <property name="java.version" value="17.0.2"/>
    <property name="user.dir" value="D:\Campus 02\Semester 2\Konfigurationsmanagement\Übung\Übung 2\bsd21_grafoner_lukas"/>
    <property name="os.arch" value="amd64"/>
    <property name="java.vm.specification.name" value="Java Virtual Machine Specification"/>
    <property name="sun.os.patch.level" value=""/>
    <property name="native.encoding" value="Cp1252"/>
    <property name="java.library.path" value="C:\Program Files\Java\jdk-17.0.2\bin;C:\WINDOWS\Sun\Java\bin;C:\WINDOWS\system32;C:\WINDOWS;C:\Program Files\Common Files\Oracle\Java\javapath;C:\oraclexe\app\oracle\product\11.2.0\server\bin;C:\Program Files (x86)\Python\Scripts\;C:\Program Files (x86)\Python\;C:\Program Files (x86)\Razer Chroma SDK\bin;C:\Program Files\Razer Chroma SDK\bin;C:\Program Files (x86)\Razer\ChromaBroadcast\bin;C:\Program Files\Razer\ChromaBroadcast\bin;C:\Program Files (x86)\Common Files\Oracle\Java\javapath;C:\Program Files (x86)\Intel\iCLS Client\;C:\Program Files\Intel\iCLS Client\;C:\Windows\system32;C:\Windows;C:\Windows\System32\Wbem;C:\Windows\System32\WindowsPowerShell\v1.0\;C:\Program Files\Intel\WiFi\bin\;C:\Program Files\Common Files\Intel\WirelessCommon\;C:\Program Files (x86)\NVIDIA Corporation\PhysX\Common;C:\Program Files (x86)\Intel\Intel(R) Management Engine Components\DAL;C:\Program Files\Intel\Intel(R) Management Engine Components\DAL;C:\Program Files (x86)\Intel\Intel(R) Management Engine Components\IPT;C:\Program Files\Intel\Intel(R) Management Engine Components\IPT;C:\WINDOWS\system32;C:\WINDOWS;C:\WINDOWS\System32\Wbem;C:\WINDOWS\System32\WindowsPowerShell\v1.0\;C:\WINDOWS\System32\OpenSSH\;C:\Program Files (x86)\Gradle\gradle-5.6.2\bin;C:\WINDOWS\system32\config\systemprofile\AppData\Local\Microsoft\WindowsApps;&quot;C:\python38\;C:\python38\Scripts\&quot;;C:\Users\Lukas Grafoner\AppData\Local\Microsoft\WindowsApps;C:\Users\Lukas Grafoner\AppData\Roaming\Dashlane\4.8.9.37516\bin\Firefox_Extension\{442718d9-475e-452a-b3e1-fb1ee16b8e9f}\components;C:\Users\Lukas Grafoner\AppData\Roaming\Dashlane\4.8.9.37516\ucrt;C:\Program Files (x86)\Nmap;C:\src\flutter\bin;C:\Program Files\NVIDIA Corporation\NVIDIA NvDLISR;C:\WINDOWS\system32;C:\WINDOWS;C:\WINDOWS\System32\Wbem;C:\WINDOWS\System32\WindowsPowerShell\v1.0\;C:\WINDOWS\System32\OpenSSH\;C:\Program Files\Docker\Docker\resources\bin;C:\ProgramData\DockerDesktop\version-bin;C:\Program Files\ISC BIND 9\bin;C:\Users\Lukas Grafoner\Apache Ant\apache-ant-1.10.12\bin;C:\Program Files\Git\cmd;C:\Program Files\Java\jdk-17.0.2\bin;C:\Users\Lukas Grafoner\AppData\Local\Microsoft\WindowsApps;C:\Users\Lukas Grafoner\AppData\Roaming\Dashlane\4.8.9.37516\bin\Firefox_Extension\{442718d9-475e-452a-b3e1-fb1ee16b8e9f}\components;C:\Users\Lukas Grafoner\AppData\Roaming\Dashlane\4.8.9.37516\ucrt;C:\Program Files (x86)\Nmap;C:\src\flutter\bin;C:\Users\Lukas Grafoner\AppData\Local\Programs\Microsoft VS Code\bin;C:\Program Files\JetBrains\IntelliJ IDEA 2021.2.2\bin;;C:\Users\Lukas Grafoner\AppData\Local\Pandoc\;C:\Users\Lukas Grafoner\AppData\Local\Programs\MiKTeX\miktex\bin\x64\;C:\Program Files\apache-maven-3.8.5\bin;;."/>
    <property name="java.vm.info" value="mixed mode, sharing"/>
    <property name="java.vendor" value="Oracle Corporation"/>
    <property name="java.vm.version" value="17.0.2+8-LTS-86"/>
    <property name="sun.io.unicode.encoding" value="UnicodeLittle"/>
    <property name="java.class.version" value="61.0"/>
  </properties>
  <testcase name="testAdd_ResultKnown" classname="at.campus02.bsd.CalculatorTest" time="0.053"/>
  <testcase name="testAdd_ResultCalculated" classname="at.campus02.bsd.CalculatorTest" time="0"/>
  <testcase name="testMultiply_ResultCalculated" classname="at.campus02.bsd.CalculatorTest" time="0"/>
  <testcase name="testMultiply_ResultKnown" classname="at.campus02.bsd.CalculatorTest" time="0.001"/>
  <testcase name="testDivide_ResultKnown" classname="at.campus02.bsd.CalculatorTest" time="0.001"/>
  <testcase name="testFaculty_negative5" classname="at.campus02.bsd.CalculatorTest" time="0.001"/>
  <testcase name="testFaculty_3" classname="at.campus02.bsd.CalculatorTest" time="0.001"/>
  <testcase name="testFaculty_4" classname="at.campus02.bsd.CalculatorTest" time="0"/>
  <testcase name="testDivide_ResultCalculated" classname="at.campus02.bsd.CalculatorTest" time="0.001"/>
  <testcase name="testMinus_ResultCalculated" classname="at.campus02.bsd.CalculatorTest" time="0.001"/>
  <testcase name="testDivide_DivideByZero" classname="at.campus02.bsd.CalculatorTest" time="0.008"/>
  <testcase name="testMinus_ResultKnown" classname="at.campus02.bsd.CalculatorTest" time="0"/>
</testsuite>